Dragons/Library/Bee/Android/Prj/IL2CPP/Gradle/launcher/build/intermediates/manifest_merge_blame_file/release/processReleaseMainManifest/manifest-merger-blame-release-report.txt
1<?xml version="1.0" encoding="utf-8"?>
2<manifest xmlns:android="http://schemas.android.com/apk/res/android"
3    package="com.DefaultCompany.Dragons"
4    android:installLocation="preferExternal"
5    android:versionCode="1"
6    android:versionName="0.1" >
7
8    <uses-sdk
9        android:minSdkVersion="24"
10        android:targetSdkVersion="35" />
11
12    <supports-screens
12-->src\main\AndroidManifest.xml:4:3-163
13        android:anyDensity="true"
13-->src\main\AndroidManifest.xml:4:135-160
14        android:largeScreens="true"
14-->src\main\AndroidManifest.xml:4:78-105
15        android:normalScreens="true"
15-->src\main\AndroidManifest.xml:4:49-77
16        android:smallScreens="true"
16-->src\main\AndroidManifest.xml:4:21-48
17        android:xlargeScreens="true" />
17-->src\main\AndroidManifest.xml:4:106-134
18
19    <uses-permission android:name="android.permission.INTERNET" />
19-->[:unityLibrary] AndroidManifest.xml:8:5-67
19-->[:unityLibrary] AndroidManifest.xml:8:22-64
20
21    <uses-feature android:glEsVersion="0x00030000" />
21-->[:unityLibrary] AndroidManifest.xml:10:5-54
21-->[:unityLibrary] AndroidManifest.xml:10:19-51
22    <uses-feature
22-->[:unityLibrary] AndroidManifest.xml:11:5-13:36
23        android:name="android.hardware.touchscreen"
23-->[:unityLibrary] AndroidManifest.xml:12:9-52
24        android:required="false" />
24-->[:unityLibrary] AndroidManifest.xml:13:9-33
25    <uses-feature
25-->[:unityLibrary] AndroidManifest.xml:14:5-16:36
26        android:name="android.hardware.touchscreen.multitouch"
26-->[:unityLibrary] AndroidManifest.xml:15:9-63
27        android:required="false" />
27-->[:unityLibrary] AndroidManifest.xml:16:9-33
28    <uses-feature
28-->[:unityLibrary] AndroidManifest.xml:17:5-19:36
29        android:name="android.hardware.touchscreen.multitouch.distinct"
29-->[:unityLibrary] AndroidManifest.xml:18:9-72
30        android:required="false" />
30-->[:unityLibrary] AndroidManifest.xml:19:9-33
31
32    <uses-permission android:name="android.permission.CAMERA" />
32-->[:unityLibrary] AndroidManifest.xml:21:5-65
32-->[:unityLibrary] AndroidManifest.xml:21:22-62
33
34    <uses-feature
34-->[:unityLibrary] AndroidManifest.xml:23:5-25:35
35        android:name="android.hardware.camera.ar"
35-->[:unityLibrary] AndroidManifest.xml:24:9-50
36        android:required="true" />
36-->[:unityLibrary] AndroidManifest.xml:25:9-32
37    <uses-feature
37-->[:unityLibrary] AndroidManifest.xml:26:5-28:35
38        android:name="com.google.ar.core.depth"
38-->[:unityLibrary] AndroidManifest.xml:27:9-48
39        android:required="true" />
39-->[:unityLibrary] AndroidManifest.xml:28:9-32
40
41    <queries>
41-->[:arcore_client:] AndroidManifest.xml:20:5-27:15
42        <package android:name="com.google.ar.core" />
42-->[:arcore_client:] AndroidManifest.xml:21:9-54
42-->[:arcore_client:] AndroidManifest.xml:21:18-51
43        <package android:name="com.android.vending" />
43-->[:arcore_client:] AndroidManifest.xml:22:9-55
43-->[:arcore_client:] AndroidManifest.xml:22:18-52
44
45        <intent>
45-->[:arcore_client:] AndroidManifest.xml:24:9-26:18
46            <action android:name="com.google.android.play.core.install.BIND_INSTALL_SERVICE" />
46-->[:arcore_client:] AndroidManifest.xml:25:13-96
46-->[:arcore_client:] AndroidManifest.xml:25:21-93
47        </intent>
48    </queries>
49
50    <permission
50-->[androidx.core:core:1.9.0] AndroidManifest.xml:22:5-24:47
51        android:name="com.DefaultCompany.Dragons.DYNAMIC_RECEIVER_NOT_EXPORTED_PERMISSION"
51-->[androidx.core:core:1.9.0] AndroidManifest.xml:23:9-81
52        android:protectionLevel="signature" />
52-->[androidx.core:core:1.9.0] AndroidManifest.xml:24:9-44
53
54    <uses-permission android:name="com.DefaultCompany.Dragons.DYNAMIC_RECEIVER_NOT_EXPORTED_PERMISSION" />
54-->[androidx.core:core:1.9.0] AndroidManifest.xml:26:5-97
54-->[androidx.core:core:1.9.0] AndroidManifest.xml:26:22-94
55
56    <application
56-->src\main\AndroidManifest.xml:3:3-83
57        android:appComponentFactory="androidx.core.app.CoreComponentFactory"
57-->[androidx.core:core:1.9.0] AndroidManifest.xml:28:18-86
58        android:enableOnBackInvokedCallback="false"
58-->[:unityLibrary] AndroidManifest.xml:31:9-52
59        android:extractNativeLibs="true"
60        android:icon="@mipmap/app_icon"
60-->src\main\AndroidManifest.xml:3:16-47
61        android:label="@string/app_name" >
61-->src\main\AndroidManifest.xml:3:48-80
62        <meta-data
62-->[:unityLibrary] AndroidManifest.xml:33:9-35:33
63            android:name="unity.splash-mode"
63-->[:unityLibrary] AndroidManifest.xml:34:13-45
64            android:value="0" />
64-->[:unityLibrary] AndroidManifest.xml:35:13-30
65        <meta-data
65-->[:unityLibrary] AndroidManifest.xml:36:9-38:36
66            android:name="unity.splash-enable"
66-->[:unityLibrary] AndroidManifest.xml:37:13-47
67            android:value="True" />
67-->[:unityLibrary] AndroidManifest.xml:38:13-33
68        <meta-data
68-->[:unityLibrary] AndroidManifest.xml:39:9-41:36
69            android:name="unity.launch-fullscreen"
69-->[:unityLibrary] AndroidManifest.xml:40:13-51
70            android:value="True" />
70-->[:unityLibrary] AndroidManifest.xml:41:13-33
71        <meta-data
71-->[:unityLibrary] AndroidManifest.xml:42:9-44:36
72            android:name="unity.render-outside-safearea"
72-->[:unityLibrary] AndroidManifest.xml:43:13-57
73            android:value="True" />
73-->[:unityLibrary] AndroidManifest.xml:44:13-33
74        <meta-data
74-->[:unityLibrary] AndroidManifest.xml:45:9-47:50
75            android:name="notch.config"
75-->[:unityLibrary] AndroidManifest.xml:46:13-40
76            android:value="portrait|landscape" />
76-->[:unityLibrary] AndroidManifest.xml:47:13-47
77        <meta-data
77-->[:unityLibrary] AndroidManifest.xml:48:9-50:36
78            android:name="unity.auto-report-fully-drawn"
78-->[:unityLibrary] AndroidManifest.xml:49:13-57
79            android:value="true" />
79-->[:unityLibrary] AndroidManifest.xml:50:13-33
80        <meta-data
80-->[:unityLibrary] AndroidManifest.xml:51:9-53:36
81            android:name="unity.auto-set-game-state"
81-->[:unityLibrary] AndroidManifest.xml:52:13-53
82            android:value="true" />
82-->[:unityLibrary] AndroidManifest.xml:53:13-33
83        <meta-data
83-->[:unityLibrary] AndroidManifest.xml:54:9-56:36
84            android:name="unity.strip-engine-code"
84-->[:unityLibrary] AndroidManifest.xml:55:13-51
85            android:value="true" />
85-->[:unityLibrary] AndroidManifest.xml:56:13-33
86
87        <activity
87-->[:unityLibrary] AndroidManifest.xml:58:9-89:20
88            android:name="com.unity3d.player.UnityPlayerGameActivity"
88-->[:unityLibrary] AndroidManifest.xml:59:13-70
89            android:configChanges="mcc|mnc|locale|touchscreen|keyboard|keyboardHidden|navigation|orientation|screenLayout|uiMode|screenSize|smallestScreenSize|fontScale|layoutDirection|density"
89-->[:unityLibrary] AndroidManifest.xml:60:13-194
90            android:enabled="true"
90-->[:unityLibrary] AndroidManifest.xml:61:13-35
91            android:exported="true"
91-->[:unityLibrary] AndroidManifest.xml:62:13-36
92            android:hardwareAccelerated="false"
92-->[:unityLibrary] AndroidManifest.xml:63:13-48
93            android:launchMode="singleTask"
93-->[:unityLibrary] AndroidManifest.xml:64:13-44
94            android:resizeableActivity="true"
94-->[:unityLibrary] AndroidManifest.xml:65:13-46
95            android:screenOrientation="fullUser"
95-->[:unityLibrary] AndroidManifest.xml:66:13-49
96            android:theme="@style/BaseUnityGameActivityTheme" >
96-->[:unityLibrary] AndroidManifest.xml:67:13-62
97            <intent-filter>
97-->[:unityLibrary] AndroidManifest.xml:68:13-72:29
98                <category android:name="android.intent.category.LAUNCHER" />
98-->[:unityLibrary] AndroidManifest.xml:69:17-77
98-->[:unityLibrary] AndroidManifest.xml:69:27-74
99
100                <action android:name="android.intent.action.MAIN" />
100-->[:unityLibrary] AndroidManifest.xml:71:17-69
100-->[:unityLibrary] AndroidManifest.xml:71:25-66
101            </intent-filter>
102
103            <meta-data
103-->[:unityLibrary] AndroidManifest.xml:74:13-76:40
104                android:name="unityplayer.UnityActivity"
104-->[:unityLibrary] AndroidManifest.xml:75:17-57
105                android:value="true" />
105-->[:unityLibrary] AndroidManifest.xml:76:17-37
106            <meta-data
106-->[:unityLibrary] AndroidManifest.xml:77:13-79:40
107                android:name="android.app.lib_name"
107-->[:unityLibrary] AndroidManifest.xml:78:17-52
108                android:value="game" />
108-->[:unityLibrary] AndroidManifest.xml:79:17-37
109            <meta-data
109-->[:unityLibrary] AndroidManifest.xml:80:13-82:71
110                android:name="WindowManagerPreference:FreeformWindowSize"
110-->[:unityLibrary] AndroidManifest.xml:81:17-74
111                android:value="@string/FreeformWindowSize_maximize" />
111-->[:unityLibrary] AndroidManifest.xml:82:17-68
112            <meta-data
112-->[:unityLibrary] AndroidManifest.xml:83:13-85:79
113                android:name="WindowManagerPreference:FreeformWindowOrientation"
113-->[:unityLibrary] AndroidManifest.xml:84:17-81
114                android:value="@string/FreeformWindowOrientation_landscape" />
114-->[:unityLibrary] AndroidManifest.xml:85:17-76
115            <meta-data
115-->[:unityLibrary] AndroidManifest.xml:86:13-88:40
116                android:name="notch_support"
116-->[:unityLibrary] AndroidManifest.xml:87:17-45
117                android:value="true" />
117-->[:unityLibrary] AndroidManifest.xml:88:17-37
118        </activity>
119
120        <meta-data
120-->[:unityLibrary] AndroidManifest.xml:91:9-93:36
121            android:name="unityplayer.SkipPermissionsDialog"
121-->[:unityLibrary] AndroidManifest.xml:92:13-61
122            android:value="true" />
122-->[:unityLibrary] AndroidManifest.xml:93:13-33
123        <meta-data
123-->[:unityLibrary] AndroidManifest.xml:94:9-96:40
124            android:name="com.google.ar.core"
124-->[:unityLibrary] AndroidManifest.xml:95:13-46
125            android:value="required" /> <!-- The minimal version code of ARCore APK required for an app using this SDK. -->
125-->[:unityLibrary] AndroidManifest.xml:96:13-37
126        <meta-data
126-->[:arcore_client:] AndroidManifest.xml:32:9-34:41
127            android:name="com.google.ar.core.min_apk_version"
127-->[:arcore_client:] AndroidManifest.xml:33:13-62
128            android:value="240220000" /> <!-- This activity is critical for installing ARCore when it is not already present. -->
128-->[:arcore_client:] AndroidManifest.xml:34:13-38
129        <activity
129-->[:arcore_client:] AndroidManifest.xml:36:9-42:80
130            android:name="com.google.ar.core.InstallActivity"
130-->[:arcore_client:] AndroidManifest.xml:37:13-62
131            android:configChanges="keyboardHidden|orientation|screenSize"
131-->[:arcore_client:] AndroidManifest.xml:38:13-74
132            android:excludeFromRecents="true"
132-->[:arcore_client:] AndroidManifest.xml:39:13-46
133            android:exported="false"
133-->[:arcore_client:] AndroidManifest.xml:40:13-37
134            android:launchMode="singleTop"
134-->[:arcore_client:] AndroidManifest.xml:41:13-43
135            android:theme="@android:style/Theme.Material.Light.Dialog.Alert" />
135-->[:arcore_client:] AndroidManifest.xml:42:13-77
136
137        <provider
137-->[androidx.emoji2:emoji2:1.2.0] AndroidManifest.xml:24:9-32:20
138            android:name="androidx.startup.InitializationProvider"
138-->[androidx.emoji2:emoji2:1.2.0] AndroidManifest.xml:25:13-67
139            android:authorities="com.DefaultCompany.Dragons.androidx-startup"
139-->[androidx.emoji2:emoji2:1.2.0] AndroidManifest.xml:26:13-68
140            android:exported="false" >
140-->[androidx.emoji2:emoji2:1.2.0] AndroidManifest.xml:27:13-37
141            <meta-data
141-->[androidx.emoji2:emoji2:1.2.0] AndroidManifest.xml:29:13-31:52
142                android:name="androidx.emoji2.text.EmojiCompatInitializer"
142-->[androidx.emoji2:emoji2:1.2.0] AndroidManifest.xml:30:17-75
143                android:value="androidx.startup" />
143-->[androidx.emoji2:emoji2:1.2.0] AndroidManifest.xml:31:17-49
144            <meta-data
144-->[androidx.lifecycle:lifecycle-process:2.4.1] AndroidManifest.xml:31:13-33:52
145                android:name="androidx.lifecycle.ProcessLifecycleInitializer"
145-->[androidx.lifecycle:lifecycle-process:2.4.1] AndroidManifest.xml:32:17-78
146                android:value="androidx.startup" />
146-->[androidx.lifecycle:lifecycle-process:2.4.1] AndroidManifest.xml:33:17-49
147        </provider>
148    </application>
149
150</manifest>